<?xml version="1.0" encoding="UTF-8"?>
<coverage generated="1560246725399" clover="3.2.0">
  <project timestamp="1560246725399" name="All files">
    <metrics statements="74" coveredstatements="52" conditionals="30" coveredconditionals="19" methods="26" coveredmethods="15" elements="130" coveredelements="86" complexity="0" loc="74" ncloc="74" packages="3" files="7" classes="7"/>
    <package name="assets.js.Common">
      <metrics statements="34" coveredstatements="27" conditionals="14" coveredconditionals="9" methods="9" coveredmethods="7"/>
      <file name="Api.js" path="/Users/Patrick/src/symfony-react-starter/assets/js/Common/Api.js">
        <metrics statements="9" coveredstatements="7" conditionals="2" coveredconditionals="2" methods="7" coveredmethods="5"/>
        <line num="6" count="2" type="stmt"/>
        <line num="9" count="2" type="stmt"/>
        <line num="10" count="2" type="stmt"/>
        <line num="15" count="3" type="stmt"/>
        <line num="16" count="3" type="stmt"/>
        <line num="17" count="0" type="stmt"/>
        <line num="24" count="4" type="stmt"/>
        <line num="25" count="4" type="stmt"/>
        <line num="26" count="0" type="stmt"/>
      </file>
      <file name="Firebase.js" path="/Users/Patrick/src/symfony-react-starter/assets/js/Common/Firebase.js">
        <metrics statements="2" coveredstatements="2" conditionals="0" coveredconditionals="0" methods="0" coveredmethods="0"/>
        <line num="3" count="2" type="stmt"/>
        <line num="8" count="2" type="stmt"/>
      </file>
      <file name="Utils.js" path="/Users/Patrick/src/symfony-react-starter/assets/js/Common/Utils.js">
        <metrics statements="23" coveredstatements="18" conditionals="12" coveredconditionals="7" methods="2" coveredmethods="2"/>
        <line num="3" count="8" type="stmt"/>
        <line num="4" count="8" type="stmt"/>
        <line num="6" count="8" type="cond" truecount="2" falsecount="0"/>
        <line num="7" count="1" type="stmt"/>
        <line num="9" count="7" type="stmt"/>
        <line num="10" count="7" type="cond" truecount="1" falsecount="1"/>
        <line num="11" count="0" type="stmt"/>
        <line num="13" count="7" type="stmt"/>
        <line num="14" count="7" type="cond" truecount="1" falsecount="1"/>
        <line num="15" count="0" type="stmt"/>
        <line num="17" count="7" type="stmt"/>
        <line num="18" count="7" type="cond" truecount="1" falsecount="1"/>
        <line num="19" count="0" type="stmt"/>
        <line num="21" count="7" type="stmt"/>
        <line num="22" count="7" type="cond" truecount="1" falsecount="1"/>
        <line num="23" count="0" type="stmt"/>
        <line num="25" count="7" type="stmt"/>
        <line num="30" count="1" type="cond" truecount="1" falsecount="1"/>
        <line num="31" count="0" type="stmt"/>
        <line num="34" count="1" type="stmt"/>
        <line num="35" count="1" type="stmt"/>
        <line num="36" count="1" type="stmt"/>
        <line num="37" count="1" type="stmt"/>
      </file>
    </package>
    <package name="assets.js.Components">
      <metrics statements="37" coveredstatements="22" conditionals="16" coveredconditionals="10" methods="17" coveredmethods="8"/>
      <file name="Comment.js" path="/Users/Patrick/src/symfony-react-starter/assets/js/Components/Comment.js">
        <metrics statements="14" coveredstatements="11" conditionals="12" coveredconditionals="8" methods="6" coveredmethods="4"/>
        <line num="12" count="4" type="stmt"/>
        <line num="14" count="4" type="stmt"/>
        <line num="20" count="4" type="stmt"/>
        <line num="25" count="4" type="stmt"/>
        <line num="27" count="0" type="stmt"/>
        <line num="33" count="3" type="stmt"/>
        <line num="37" count="7" type="stmt"/>
        <line num="38" count="7" type="cond" truecount="2" falsecount="0"/>
        <line num="39" count="7" type="cond" truecount="2" falsecount="0"/>
        <line num="42" count="7" type="cond" truecount="2" falsecount="2"/>
        <line num="43" count="0" type="stmt"/>
        <line num="44" count="7" type="cond" truecount="2" falsecount="2"/>
        <line num="45" count="0" type="stmt"/>
        <line num="47" count="7" type="stmt"/>
      </file>
      <file name="NewsFeed.js" path="/Users/Patrick/src/symfony-react-starter/assets/js/Components/NewsFeed.js">
        <metrics statements="21" coveredstatements="9" conditionals="4" coveredconditionals="2" methods="10" coveredmethods="3"/>
        <line num="8" count="1" type="stmt"/>
        <line num="13" count="3" type="stmt"/>
        <line num="15" count="3" type="stmt"/>
        <line num="22" count="3" type="stmt"/>
        <line num="26" count="3" type="stmt"/>
        <line num="27" count="3" type="stmt"/>
        <line num="30" count="3" type="stmt"/>
        <line num="32" count="0" type="stmt"/>
        <line num="33" count="0" type="stmt"/>
        <line num="36" count="0" type="stmt"/>
        <line num="43" count="0" type="stmt"/>
        <line num="45" count="0" type="stmt"/>
        <line num="46" count="0" type="stmt"/>
        <line num="49" count="0" type="stmt"/>
        <line num="50" count="0" type="stmt"/>
        <line num="53" count="0" type="stmt"/>
        <line num="59" count="0" type="stmt"/>
        <line num="63" count="3" type="cond" truecount="1" falsecount="1"/>
        <line num="64" count="0" type="stmt"/>
        <line num="66" count="3" type="stmt"/>
        <line num="80" count="0" type="stmt"/>
      </file>
      <file name="NewsItem.js" path="/Users/Patrick/src/symfony-react-starter/assets/js/Components/NewsItem.js">
        <metrics statements="2" coveredstatements="2" conditionals="0" coveredconditionals="0" methods="1" coveredmethods="1"/>
        <line num="5" count="3" type="stmt"/>
        <line num="6" count="1" type="stmt"/>
      </file>
    </package>
    <package name="tests">
      <metrics statements="3" coveredstatements="3" conditionals="0" coveredconditionals="0" methods="0" coveredmethods="0"/>
      <file name="mockobjs.js" path="/Users/Patrick/src/symfony-react-starter/tests/mockobjs.js">
        <metrics statements="3" coveredstatements="3" conditionals="0" coveredconditionals="0" methods="0" coveredmethods="0"/>
        <line num="1" count="2" type="stmt"/>
        <line num="11" count="2" type="stmt"/>
        <line num="13" count="2" type="stmt"/>
      </file>
    </package>
  </project>
</coverage>
