{"/Users/Patrick/src/symfony-react-starter/assets/js/Common/Api.js": {"path":"/Users/Patrick/src/symfony-react-starter/assets/js/Common/Api.js","statementMap":{"0":{"start":{"line":6,"column":12},"end":{"line":31,"column":1}},"1":{"start":{"line":9,"column":4},"end":{"line":9,"column":31}},"2":{"start":{"line":10,"column":4},"end":{"line":10,"column":34}},"3":{"start":{"line":15,"column":4},"end":{"line":19,"column":6}},"4":{"start":{"line":16,"column":6},"end":{"line":18,"column":9}},"5":{"start":{"line":17,"column":8},"end":{"line":17,"column":32}},"6":{"start":{"line":24,"column":4},"end":{"line":28,"column":6}},"7":{"start":{"line":25,"column":6},"end":{"line":27,"column":9}},"8":{"start":{"line":26,"column":8},"end":{"line":26,"column":28}}},"fnMap":{"0":{"name":"(anonymous_0)","decl":{"start":{"line":8,"column":2},"end":{"line":8,"column":3}},"loc":{"start":{"line":8,"column":47},"end":{"line":11,"column":3}},"line":8},"1":{"name":"(anonymous_1)","decl":{"start":{"line":14,"column":2},"end":{"line":14,"column":3}},"loc":{"start":{"line":14,"column":23},"end":{"line":20,"column":3}},"line":14},"2":{"name":"(anonymous_2)","decl":{"start":{"line":15,"column":23},"end":{"line":15,"column":24}},"loc":{"start":{"line":15,"column":34},"end":{"line":19,"column":5}},"line":15},"3":{"name":"(anonymous_3)","decl":{"start":{"line":16,"column":67},"end":{"line":16,"column":68}},"loc":{"start":{"line":16,"column":81},"end":{"line":18,"column":7}},"line":16},"4":{"name":"(anonymous_4)","decl":{"start":{"line":23,"column":2},"end":{"line":23,"column":3}},"loc":{"start":{"line":23,"column":13},"end":{"line":29,"column":3}},"line":23},"5":{"name":"(anonymous_5)","decl":{"start":{"line":24,"column":23},"end":{"line":24,"column":24}},"loc":{"start":{"line":24,"column":34},"end":{"line":28,"column":5}},"line":24},"6":{"name":"(anonymous_6)","decl":{"start":{"line":25,"column":66},"end":{"line":25,"column":67}},"loc":{"start":{"line":25,"column":76},"end":{"line":27,"column":7}},"line":25}},"branchMap":{"0":{"loc":{"start":{"line":8,"column":14},"end":{"line":8,"column":30}},"type":"default-arg","locations":[{"start":{"line":8,"column":22},"end":{"line":8,"column":30}}],"line":8},"1":{"loc":{"start":{"line":8,"column":32},"end":{"line":8,"column":46}},"type":"default-arg","locations":[{"start":{"line":8,"column":42},"end":{"line":8,"column":46}}],"line":8}},"s":{"0":2,"1":2,"2":2,"3":3,"4":3,"5":0,"6":4,"7":4,"8":0},"f":{"0":2,"1":3,"2":3,"3":0,"4":4,"5":4,"6":0},"b":{"0":[2],"1":[2]},"_coverageSchema":"43e27e138ebf9cfc5966b082cf9a028302ed4184","hash":"2e26bf42e07a8a5bba448b09cd6461522f1d23ed"}
,"/Users/Patrick/src/symfony-react-starter/assets/js/Common/Firebase.js": {"path":"/Users/Patrick/src/symfony-react-starter/assets/js/Common/Firebase.js","statementMap":{"0":{"start":{"line":3,"column":14},"end":{"line":5,"column":1}},"1":{"start":{"line":8,"column":17},"end":{"line":8,"column":47}}},"fnMap":{},"branchMap":{},"s":{"0":2,"1":2},"f":{},"b":{},"_coverageSchema":"43e27e138ebf9cfc5966b082cf9a028302ed4184","hash":"3a356fb164f32e6c896e49b3a09cf79810857dbd"}
,"/Users/Patrick/src/symfony-react-starter/assets/js/Common/Utils.js": {"path":"/Users/Patrick/src/symfony-react-starter/assets/js/Common/Utils.js","statementMap":{"0":{"start":{"line":3,"column":16},"end":{"line":3,"column":71}},"1":{"start":{"line":4,"column":17},"end":{"line":4,"column":47}},"2":{"start":{"line":6,"column":2},"end":{"line":8,"column":3}},"3":{"start":{"line":7,"column":4},"end":{"line":7,"column":31}},"4":{"start":{"line":9,"column":2},"end":{"line":9,"column":43}},"5":{"start":{"line":10,"column":2},"end":{"line":12,"column":3}},"6":{"start":{"line":11,"column":4},"end":{"line":11,"column":32}},"7":{"start":{"line":13,"column":2},"end":{"line":13,"column":41}},"8":{"start":{"line":14,"column":2},"end":{"line":16,"column":3}},"9":{"start":{"line":15,"column":4},"end":{"line":15,"column":30}},"10":{"start":{"line":17,"column":2},"end":{"line":17,"column":40}},"11":{"start":{"line":18,"column":2},"end":{"line":20,"column":3}},"12":{"start":{"line":19,"column":4},"end":{"line":19,"column":31}},"13":{"start":{"line":21,"column":2},"end":{"line":21,"column":38}},"14":{"start":{"line":22,"column":2},"end":{"line":24,"column":3}},"15":{"start":{"line":23,"column":4},"end":{"line":23,"column":33}},"16":{"start":{"line":25,"column":2},"end":{"line":25,"column":42}},"17":{"start":{"line":30,"column":2},"end":{"line":32,"column":3}},"18":{"start":{"line":31,"column":4},"end":{"line":31,"column":14}},"19":{"start":{"line":34,"column":18},"end":{"line":34,"column":34}},"20":{"start":{"line":35,"column":17},"end":{"line":35,"column":29}},"21":{"start":{"line":36,"column":13},"end":{"line":36,"column":25}},"22":{"start":{"line":37,"column":2},"end":{"line":37,"column":34}}},"fnMap":{"0":{"name":"timeSince","decl":{"start":{"line":2,"column":16},"end":{"line":2,"column":25}},"loc":{"start":{"line":2,"column":32},"end":{"line":26,"column":1}},"line":2},"1":{"name":"getHostname","decl":{"start":{"line":29,"column":16},"end":{"line":29,"column":27}},"loc":{"start":{"line":29,"column":32},"end":{"line":38,"column":1}},"line":29}},"branchMap":{"0":{"loc":{"start":{"line":6,"column":2},"end":{"line":8,"column":3}},"type":"if","locations":[{"start":{"line":6,"column":2},"end":{"line":8,"column":3}},{"start":{"line":6,"column":2},"end":{"line":8,"column":3}}],"line":6},"1":{"loc":{"start":{"line":10,"column":2},"end":{"line":12,"column":3}},"type":"if","locations":[{"start":{"line":10,"column":2},"end":{"line":12,"column":3}},{"start":{"line":10,"column":2},"end":{"line":12,"column":3}}],"line":10},"2":{"loc":{"start":{"line":14,"column":2},"end":{"line":16,"column":3}},"type":"if","locations":[{"start":{"line":14,"column":2},"end":{"line":16,"column":3}},{"start":{"line":14,"column":2},"end":{"line":16,"column":3}}],"line":14},"3":{"loc":{"start":{"line":18,"column":2},"end":{"line":20,"column":3}},"type":"if","locations":[{"start":{"line":18,"column":2},"end":{"line":20,"column":3}},{"start":{"line":18,"column":2},"end":{"line":20,"column":3}}],"line":18},"4":{"loc":{"start":{"line":22,"column":2},"end":{"line":24,"column":3}},"type":"if","locations":[{"start":{"line":22,"column":2},"end":{"line":24,"column":3}},{"start":{"line":22,"column":2},"end":{"line":24,"column":3}}],"line":22},"5":{"loc":{"start":{"line":30,"column":2},"end":{"line":32,"column":3}},"type":"if","locations":[{"start":{"line":30,"column":2},"end":{"line":32,"column":3}},{"start":{"line":30,"column":2},"end":{"line":32,"column":3}}],"line":30}},"s":{"0":8,"1":8,"2":8,"3":1,"4":7,"5":7,"6":0,"7":7,"8":7,"9":0,"10":7,"11":7,"12":0,"13":7,"14":7,"15":0,"16":7,"17":1,"18":0,"19":1,"20":1,"21":1,"22":1},"f":{"0":8,"1":1},"b":{"0":[1,7],"1":[0,7],"2":[0,7],"3":[0,7],"4":[0,7],"5":[0,1]},"_coverageSchema":"43e27e138ebf9cfc5966b082cf9a028302ed4184","hash":"661713f5b34212b49ecd1dfc3acd3f49d78010da"}
,"/Users/Patrick/src/symfony-react-starter/assets/js/Components/Comment.js": {"path":"/Users/Patrick/src/symfony-react-starter/assets/js/Components/Comment.js","statementMap":{"0":{"start":{"line":12,"column":8},"end":{"line":12,"column":16}},"1":{"start":{"line":14,"column":8},"end":{"line":18,"column":10}},"2":{"start":{"line":20,"column":8},"end":{"line":20,"column":55}},"3":{"start":{"line":25,"column":8},"end":{"line":28,"column":14}},"4":{"start":{"line":27,"column":16},"end":{"line":27,"column":55}},"5":{"start":{"line":33,"column":8},"end":{"line":33,"column":49}},"6":{"start":{"line":37,"column":22},"end":{"line":37,"column":24}},"7":{"start":{"line":38,"column":22},"end":{"line":38,"column":56}},"8":{"start":{"line":39,"column":21},"end":{"line":39,"column":48}},"9":{"start":{"line":42,"column":8},"end":{"line":45,"column":25}},"10":{"start":{"line":43,"column":12},"end":{"line":43,"column":91}},"11":{"start":{"line":43,"column":59},"end":{"line":43,"column":89}},"12":{"start":{"line":44,"column":13},"end":{"line":45,"column":25}},"13":{"start":{"line":45,"column":12},"end":{"line":45,"column":25}},"14":{"start":{"line":47,"column":8},"end":{"line":59,"column":24}}},"fnMap":{"0":{"name":"(anonymous_0)","decl":{"start":{"line":11,"column":4},"end":{"line":11,"column":5}},"loc":{"start":{"line":11,"column":18},"end":{"line":21,"column":5}},"line":11},"1":{"name":"(anonymous_1)","decl":{"start":{"line":23,"column":4},"end":{"line":23,"column":5}},"loc":{"start":{"line":23,"column":24},"end":{"line":29,"column":5}},"line":23},"2":{"name":"(anonymous_2)","decl":{"start":{"line":26,"column":18},"end":{"line":26,"column":19}},"loc":{"start":{"line":26,"column":31},"end":{"line":28,"column":13}},"line":26},"3":{"name":"(anonymous_3)","decl":{"start":{"line":32,"column":4},"end":{"line":32,"column":5}},"loc":{"start":{"line":32,"column":17},"end":{"line":34,"column":5}},"line":32},"4":{"name":"(anonymous_4)","decl":{"start":{"line":36,"column":4},"end":{"line":36,"column":5}},"loc":{"start":{"line":36,"column":13},"end":{"line":60,"column":5}},"line":36},"5":{"name":"(anonymous_5)","decl":{"start":{"line":43,"column":50},"end":{"line":43,"column":51}},"loc":{"start":{"line":43,"column":59},"end":{"line":43,"column":89}},"line":43}},"branchMap":{"0":{"loc":{"start":{"line":38,"column":22},"end":{"line":38,"column":56}},"type":"cond-expr","locations":[{"start":{"line":38,"column":40},"end":{"line":38,"column":46}},{"start":{"line":38,"column":49},"end":{"line":38,"column":56}}],"line":38},"1":{"loc":{"start":{"line":39,"column":21},"end":{"line":39,"column":48}},"type":"cond-expr","locations":[{"start":{"line":39,"column":39},"end":{"line":39,"column":42}},{"start":{"line":39,"column":45},"end":{"line":39,"column":48}}],"line":39},"2":{"loc":{"start":{"line":42,"column":8},"end":{"line":45,"column":25}},"type":"if","locations":[{"start":{"line":42,"column":8},"end":{"line":45,"column":25}},{"start":{"line":42,"column":8},"end":{"line":45,"column":25}}],"line":42},"3":{"loc":{"start":{"line":42,"column":11},"end":{"line":42,"column":78}},"type":"binary-expr","locations":[{"start":{"line":42,"column":11},"end":{"line":42,"column":28}},{"start":{"line":42,"column":32},"end":{"line":42,"column":78}}],"line":42},"4":{"loc":{"start":{"line":44,"column":13},"end":{"line":45,"column":25}},"type":"if","locations":[{"start":{"line":44,"column":13},"end":{"line":45,"column":25}},{"start":{"line":44,"column":13},"end":{"line":45,"column":25}}],"line":44},"5":{"loc":{"start":{"line":44,"column":16},"end":{"line":44,"column":83}},"type":"binary-expr","locations":[{"start":{"line":44,"column":16},"end":{"line":44,"column":33}},{"start":{"line":44,"column":37},"end":{"line":44,"column":83}}],"line":44}},"s":{"0":4,"1":4,"2":4,"3":4,"4":0,"5":3,"6":7,"7":7,"8":7,"9":7,"10":0,"11":0,"12":7,"13":0,"14":7},"f":{"0":4,"1":4,"2":0,"3":3,"4":7,"5":0},"b":{"0":[2,5],"1":[2,5],"2":[0,7],"3":[7,0],"4":[0,7],"5":[7,0]},"_coverageSchema":"43e27e138ebf9cfc5966b082cf9a028302ed4184","hash":"ee95bac6044b44fc92d653bd0c527057d50ecfcc"}
,"/Users/Patrick/src/symfony-react-starter/assets/js/Components/NewsFeed.js": {"path":"/Users/Patrick/src/symfony-react-starter/assets/js/Components/NewsFeed.js","statementMap":{"0":{"start":{"line":8,"column":23},"end":{"line":8,"column":25}},"1":{"start":{"line":13,"column":8},"end":{"line":13,"column":16}},"2":{"start":{"line":15,"column":8},"end":{"line":20,"column":10}},"3":{"start":{"line":22,"column":8},"end":{"line":22,"column":59}},"4":{"start":{"line":26,"column":28},"end":{"line":26,"column":29}},"5":{"start":{"line":27,"column":26},"end":{"line":27,"column":56}},"6":{"start":{"line":30,"column":8},"end":{"line":37,"column":14}},"7":{"start":{"line":32,"column":16},"end":{"line":32,"column":69}},"8":{"start":{"line":33,"column":16},"end":{"line":33,"column":57}},"9":{"start":{"line":36,"column":23},"end":{"line":36,"column":52}},"10":{"start":{"line":43,"column":22},"end":{"line":43,"column":102}},"11":{"start":{"line":45,"column":22},"end":{"line":45,"column":42}},"12":{"start":{"line":46,"column":8},"end":{"line":54,"column":14}},"13":{"start":{"line":49,"column":31},"end":{"line":49,"column":60}},"14":{"start":{"line":50,"column":16},"end":{"line":50,"column":50}},"15":{"start":{"line":53,"column":23},"end":{"line":53,"column":52}},"16":{"start":{"line":59,"column":8},"end":{"line":59,"column":88}},"17":{"start":{"line":63,"column":8},"end":{"line":83,"column":9}},"18":{"start":{"line":64,"column":12},"end":{"line":64,"column":84}},"19":{"start":{"line":66,"column":12},"end":{"line":82,"column":34}},"20":{"start":{"line":80,"column":20},"end":{"line":80,"column":52}}},"fnMap":{"0":{"name":"(anonymous_0)","decl":{"start":{"line":12,"column":4},"end":{"line":12,"column":5}},"loc":{"start":{"line":12,"column":18},"end":{"line":23,"column":5}},"line":12},"1":{"name":"(anonymous_1)","decl":{"start":{"line":25,"column":4},"end":{"line":25,"column":5}},"loc":{"start":{"line":25,"column":24},"end":{"line":38,"column":5}},"line":25},"2":{"name":"(anonymous_2)","decl":{"start":{"line":31,"column":18},"end":{"line":31,"column":19}},"loc":{"start":{"line":31,"column":32},"end":{"line":34,"column":13}},"line":31},"3":{"name":"(anonymous_3)","decl":{"start":{"line":36,"column":16},"end":{"line":36,"column":17}},"loc":{"start":{"line":36,"column":23},"end":{"line":36,"column":52}},"line":36},"4":{"name":"(anonymous_4)","decl":{"start":{"line":41,"column":4},"end":{"line":41,"column":5}},"loc":{"start":{"line":41,"column":39},"end":{"line":55,"column":5}},"line":41},"5":{"name":"(anonymous_5)","decl":{"start":{"line":46,"column":21},"end":{"line":46,"column":22}},"loc":{"start":{"line":47,"column":12},"end":{"line":51,"column":13}},"line":47},"6":{"name":"(anonymous_6)","decl":{"start":{"line":53,"column":16},"end":{"line":53,"column":17}},"loc":{"start":{"line":53,"column":23},"end":{"line":53,"column":52}},"line":53},"7":{"name":"(anonymous_7)","decl":{"start":{"line":58,"column":4},"end":{"line":58,"column":5}},"loc":{"start":{"line":58,"column":19},"end":{"line":60,"column":5}},"line":58},"8":{"name":"(anonymous_8)","decl":{"start":{"line":62,"column":4},"end":{"line":62,"column":5}},"loc":{"start":{"line":62,"column":13},"end":{"line":84,"column":5}},"line":62},"9":{"name":"(anonymous_9)","decl":{"start":{"line":79,"column":42},"end":{"line":79,"column":43}},"loc":{"start":{"line":80,"column":20},"end":{"line":80,"column":52}},"line":80}},"branchMap":{"0":{"loc":{"start":{"line":63,"column":8},"end":{"line":83,"column":9}},"type":"if","locations":[{"start":{"line":63,"column":8},"end":{"line":83,"column":9}},{"start":{"line":63,"column":8},"end":{"line":83,"column":9}}],"line":63},"1":{"loc":{"start":{"line":71,"column":25},"end":{"line":71,"column":103}},"type":"binary-expr","locations":[{"start":{"line":71,"column":25},"end":{"line":71,"column":79}},{"start":{"line":71,"column":83},"end":{"line":71,"column":103}}],"line":71}},"s":{"0":1,"1":3,"2":3,"3":3,"4":3,"5":3,"6":3,"7":0,"8":0,"9":0,"10":0,"11":0,"12":0,"13":0,"14":0,"15":0,"16":0,"17":3,"18":0,"19":3,"20":0},"f":{"0":3,"1":3,"2":0,"3":0,"4":0,"5":0,"6":0,"7":0,"8":3,"9":0},"b":{"0":[0,3],"1":[3,0]},"_coverageSchema":"43e27e138ebf9cfc5966b082cf9a028302ed4184","hash":"73abb9bf5bf8622e07730de527b0c0014f0127f7"}
,"/Users/Patrick/src/symfony-react-starter/assets/js/Components/NewsItem.js": {"path":"/Users/Patrick/src/symfony-react-starter/assets/js/Components/NewsItem.js","statementMap":{"0":{"start":{"line":5,"column":17},"end":{"line":18,"column":1}},"1":{"start":{"line":6,"column":4},"end":{"line":17,"column":10}}},"fnMap":{"0":{"name":"(anonymous_0)","decl":{"start":{"line":5,"column":17},"end":{"line":5,"column":18}},"loc":{"start":{"line":6,"column":4},"end":{"line":17,"column":10}},"line":6}},"branchMap":{},"s":{"0":3,"1":1},"f":{"0":1},"b":{},"_coverageSchema":"43e27e138ebf9cfc5966b082cf9a028302ed4184","hash":"05f0b27a8a02b9145b21ffc47f00aa091ec7ba8e"}
,"/Users/Patrick/src/symfony-react-starter/tests/mockobjs.js": {"path":"/Users/Patrick/src/symfony-react-starter/tests/mockobjs.js","statementMap":{"0":{"start":{"line":1,"column":27},"end":{"line":9,"column":1}},"1":{"start":{"line":11,"column":28},"end":{"line":11,"column":93}},"2":{"start":{"line":13,"column":25},"end":{"line":23,"column":1}}},"fnMap":{},"branchMap":{},"s":{"0":2,"1":2,"2":2},"f":{},"b":{},"_coverageSchema":"43e27e138ebf9cfc5966b082cf9a028302ed4184","hash":"36bf36193b383b4cee480be6a61e8ecb619d1b65"}
}
