TN:
SF:/Users/Patrick/src/symfony-react-starter/assets/js/Common/Api.js
FN:8,(anonymous_0)
FN:14,(anonymous_1)
FN:15,(anonymous_2)
FN:16,(anonymous_3)
FN:23,(anonymous_4)
FN:24,(anonymous_5)
FN:25,(anonymous_6)
FNF:7
FNH:5
FNDA:2,(anonymous_0)
FNDA:3,(anonymous_1)
FNDA:3,(anonymous_2)
FNDA:0,(anonymous_3)
FNDA:4,(anonymous_4)
FNDA:4,(anonymous_5)
FNDA:0,(anonymous_6)
DA:6,2
DA:9,2
DA:10,2
DA:15,3
DA:16,3
DA:17,0
DA:24,4
DA:25,4
DA:26,0
LF:9
LH:7
BRDA:8,0,0,2
BRDA:8,1,0,2
BRF:2
BRH:2
end_of_record
TN:
SF:/Users/Patrick/src/symfony-react-starter/assets/js/Common/Firebase.js
FNF:0
FNH:0
DA:3,2
DA:8,2
LF:2
LH:2
BRF:0
BRH:0
end_of_record
TN:
SF:/Users/Patrick/src/symfony-react-starter/assets/js/Common/Utils.js
FN:2,timeSince
FN:29,getHostname
FNF:2
FNH:2
FNDA:8,timeSince
FNDA:1,getHostname
DA:3,8
DA:4,8
DA:6,8
DA:7,1
DA:9,7
DA:10,7
DA:11,0
DA:13,7
DA:14,7
DA:15,0
DA:17,7
DA:18,7
DA:19,0
DA:21,7
DA:22,7
DA:23,0
DA:25,7
DA:30,1
DA:31,0
DA:34,1
DA:35,1
DA:36,1
DA:37,1
LF:23
LH:18
BRDA:6,0,0,1
BRDA:6,0,1,7
BRDA:10,1,0,0
BRDA:10,1,1,7
BRDA:14,2,0,0
BRDA:14,2,1,7
BRDA:18,3,0,0
BRDA:18,3,1,7
BRDA:22,4,0,0
BRDA:22,4,1,7
BRDA:30,5,0,0
BRDA:30,5,1,1
BRF:12
BRH:7
end_of_record
TN:
SF:/Users/Patrick/src/symfony-react-starter/assets/js/Components/Comment.js
FN:11,(anonymous_0)
FN:23,(anonymous_1)
FN:26,(anonymous_2)
FN:32,(anonymous_3)
FN:36,(anonymous_4)
FN:43,(anonymous_5)
FNF:6
FNH:4
FNDA:4,(anonymous_0)
FNDA:4,(anonymous_1)
FNDA:0,(anonymous_2)
FNDA:3,(anonymous_3)
FNDA:7,(anonymous_4)
FNDA:0,(anonymous_5)
DA:12,4
DA:14,4
DA:20,4
DA:25,4
DA:27,0
DA:33,3
DA:37,7
DA:38,7
DA:39,7
DA:42,7
DA:43,0
DA:44,7
DA:45,0
DA:47,7
LF:14
LH:11
BRDA:38,0,0,2
BRDA:38,0,1,5
BRDA:39,1,0,2
BRDA:39,1,1,5
BRDA:42,2,0,0
BRDA:42,2,1,7
BRDA:42,3,0,7
BRDA:42,3,1,0
BRDA:44,4,0,0
BRDA:44,4,1,7
BRDA:44,5,0,7
BRDA:44,5,1,0
BRF:12
BRH:8
end_of_record
TN:
SF:/Users/Patrick/src/symfony-react-starter/assets/js/Components/NewsFeed.js
FN:12,(anonymous_0)
FN:25,(anonymous_1)
FN:31,(anonymous_2)
FN:36,(anonymous_3)
FN:41,(anonymous_4)
FN:46,(anonymous_5)
FN:53,(anonymous_6)
FN:58,(anonymous_7)
FN:62,(anonymous_8)
FN:79,(anonymous_9)
FNF:10
FNH:3
FNDA:3,(anonymous_0)
FNDA:3,(anonymous_1)
FNDA:0,(anonymous_2)
FNDA:0,(anonymous_3)
FNDA:0,(anonymous_4)
FNDA:0,(anonymous_5)
FNDA:0,(anonymous_6)
FNDA:0,(anonymous_7)
FNDA:3,(anonymous_8)
FNDA:0,(anonymous_9)
DA:8,1
DA:13,3
DA:15,3
DA:22,3
DA:26,3
DA:27,3
DA:30,3
DA:32,0
DA:33,0
DA:36,0
DA:43,0
DA:45,0
DA:46,0
DA:49,0
DA:50,0
DA:53,0
DA:59,0
DA:63,3
DA:64,0
DA:66,3
DA:80,0
LF:21
LH:9
BRDA:63,0,0,0
BRDA:63,0,1,3
BRDA:71,1,0,3
BRDA:71,1,1,0
BRF:4
BRH:2
end_of_record
TN:
SF:/Users/Patrick/src/symfony-react-starter/assets/js/Components/NewsItem.js
FN:5,(anonymous_0)
FNF:1
FNH:1
FNDA:1,(anonymous_0)
DA:5,3
DA:6,1
LF:2
LH:2
BRF:0
BRH:0
end_of_record
TN:
SF:/Users/Patrick/src/symfony-react-starter/tests/mockobjs.js
FNF:0
FNH:0
DA:1,2
DA:11,2
DA:13,2
LF:3
LH:3
BRF:0
BRH:0
end_of_record
